<?xml version="1.0" encoding="UTF-8"?>
<!-- Generated by org.testng.reporters.JUnitReportReporter -->
<testsuite hostname="DESKTOP-VKM30B9" failures="0" tests="1" name="testCases.TC_TicketBooking" time="3.246" errors="0" timestamp="2025-01-26T10:56:42 IST" skipped="0">
  <testcase classname="testCases.TC_TicketBooking" name="someTest" time="3.246"/>
</testsuite> <!-- testCases.TC_TicketBooking -->
