<?xml version="1.0" encoding="UTF-8"?>
<!-- Generated by org.testng.reporters.JUnitReportReporter -->
<testsuite hostname="DESKTOP-VKM30B9" failures="0" tests="2" name="testCases.TC_RHLogin" time="3.919" errors="0" timestamp="2025-01-27T11:09:02 IST" skipped="0">
  <testcase classname="testCases.TC_RHLogin" name="someTest" time="1.303"/>
  <testcase classname="testCases.TC_RHLogin" name="someTest" time="2.616"/>
</testsuite> <!-- testCases.TC_RHLogin -->
